<?xml version="1.0" encoding="UTF-8"?>
<testng-results ignored="0" total="1" passed="1" failed="0" skipped="0">
  <reporter-output>
  </reporter-output>
  <suite started-at="2021-10-14T15:32:07 IST" name="My Test Suite" finished-at="2021-10-14T15:32:07 IST" duration-ms="22">
    <groups>
    </groups>
    <test started-at="2021-10-14T15:32:07 IST" name="My Test" finished-at="2021-10-14T15:32:07 IST" duration-ms="22">
      <class name="testngsample.SampleTest">
        <test-method is-config="true" signature="beforeTest()[pri:0, instance:testngsample.SampleTest@4cf777e8]" started-at="2021-10-14T15:32:07 IST" name="beforeTest" finished-at="2021-10-14T15:32:07 IST" duration-ms="4" status="PASS">
          <reporter-output>
          </reporter-output>
        </test-method> <!-- beforeTest -->
        <test-method signature="f()[pri:0, instance:testngsample.SampleTest@4cf777e8]" started-at="2021-10-14T15:32:07 IST" name="f" finished-at="2021-10-14T15:32:07 IST" duration-ms="1" status="PASS">
          <reporter-output>
          </reporter-output>
        </test-method> <!-- f -->
        <test-method is-config="true" signature="afterTest()[pri:0, instance:testngsample.SampleTest@4cf777e8]" started-at="2021-10-14T15:32:07 IST" name="afterTest" finished-at="2021-10-14T15:32:07 IST" duration-ms="1" status="PASS">
          <reporter-output>
          </reporter-output>
        </test-method> <!-- afterTest -->
      </class> <!-- testngsample.SampleTest -->
    </test> <!-- My Test -->
  </suite> <!-- My Test Suite -->
</testng-results>
