<?xml version="1.0" encoding="UTF-8"?>
<testng-results ignored="0" total="2" passed="2" failed="0" skipped="0">
  <reporter-output>
  </reporter-output>
  <suite started-at="2021-10-25T16:46:28 IST" name="Suite" finished-at="2021-10-25T16:46:28 IST" duration-ms="33">
    <groups>
    </groups>
    <test started-at="2021-10-25T16:46:28 IST" name="Test" finished-at="2021-10-25T16:46:28 IST" duration-ms="33">
      <class name="testngsample.SampleTest">
        <test-method is-config="true" signature="beforeTest()[pri:0, instance:testngsample.SampleTest@4fe767f3]" started-at="2021-10-25T16:46:28 IST" name="beforeTest" finished-at="2021-10-25T16:46:28 IST" duration-ms="1" status="PASS">
          <reporter-output>
          </reporter-output>
        </test-method> <!-- beforeTest -->
        <test-method signature="f()[pri:0, instance:testngsample.SampleTest@4fe767f3]" started-at="2021-10-25T16:46:28 IST" name="f" finished-at="2021-10-25T16:46:28 IST" duration-ms="3" status="PASS">
          <reporter-output>
          </reporter-output>
        </test-method> <!-- f -->
        <test-method is-config="true" signature="afterTest()[pri:0, instance:testngsample.SampleTest@4fe767f3]" started-at="2021-10-25T16:46:28 IST" name="afterTest" finished-at="2021-10-25T16:46:28 IST" duration-ms="0" status="PASS">
          <reporter-output>
          </reporter-output>
        </test-method> <!-- afterTest -->
      </class> <!-- testngsample.SampleTest -->
      <class name="testngsample.AnotherTest">
        <test-method is-config="true" signature="beforeTest()[pri:0, instance:testngsample.AnotherTest@78e94dcf]" started-at="2021-10-25T16:46:28 IST" name="beforeTest" finished-at="2021-10-25T16:46:28 IST" duration-ms="5" status="PASS">
          <reporter-output>
          </reporter-output>
        </test-method> <!-- beforeTest -->
        <test-method signature="f()[pri:0, instance:testngsample.AnotherTest@78e94dcf]" started-at="2021-10-25T16:46:28 IST" name="f" finished-at="2021-10-25T16:46:28 IST" duration-ms="1" status="PASS">
          <reporter-output>
          </reporter-output>
        </test-method> <!-- f -->
        <test-method is-config="true" signature="afterTest()[pri:0, instance:testngsample.AnotherTest@78e94dcf]" started-at="2021-10-25T16:46:28 IST" name="afterTest" finished-at="2021-10-25T16:46:28 IST" duration-ms="0" status="PASS">
          <reporter-output>
          </reporter-output>
        </test-method> <!-- afterTest -->
      </class> <!-- testngsample.AnotherTest -->
    </test> <!-- Test -->
  </suite> <!-- Suite -->
</testng-results>
